Arguments: 
  /usr/local/bin/node /usr/local/Cellar/yarn/1.22.4/libexec/bin/yarn.js start

PATH: 
  /Library/Frameworks/Python.framework/Versions/3.7/bin:/Library/Frameworks/Python.framework/Versions/3.7/bin:/usr/local/bin:/usr/bin:/bin:/usr/sbin:/sbin:/Library/Frameworks/Mono.framework/Versions/Current/Commands:/Library/Frameworks/Python.framework/Versions/3.7/bin

Yarn version: 
  1.22.4

Node version: 
  12.11.1

Platform: 
  darwin x64

Trace: 
  SyntaxError: /Users/leopoldacosta/Desktop/dungeon master/Dungeon-Master-Manager/package.json: Unexpected token < in JSON at position 1037
      at JSON.parse (<anonymous>)
      at /usr/local/Cellar/yarn/1.22.4/libexec/lib/cli.js:1625:59
      at Generator.next (<anonymous>)
      at step (/usr/local/Cellar/yarn/1.22.4/libexec/lib/cli.js:310:30)
      at /usr/local/Cellar/yarn/1.22.4/libexec/lib/cli.js:321:13

npm manifest: 
  {
    "name": "dungeon-master-manager",
    "version": "1.0.0",
    "description": "Dungeon Master Character Management App",
    "main": "server.js",
    "scripts": {
      "start": "if-env NODE_ENV=production && npm run start:prod || npm run start:dev",
      "server": "nodemon server.js",
      "start:prod": "node server.js",
      "start:dev": "concurrently \"nodemon --ignore 'client/*'\" \"npm run client\"",
      "client": "cd client && npm run start",
      "install": "cd client && npm install",
      "build": "cd client && npm run build",
      "heroku-postbuild": "npm run build"
    },
    "author": "Justin Acosta, Helen Maschmeyer, Tim Shaffer, Wayne Wu",
    "license": "ISC",
    "devDependencies": {
      "concurrently": "^4.1.0",
      "nodemon": "^1.18.7"
    },
    "dependencies": {
      "bcryptjs": "^2.4.3",
      "body-parser": "^1.19.0",
      "concurrently": "^5.2.0",
      "dotenv": "^8.2.0",
      "express": "^4.17.1",
      "is-empty": "^1.2.0",
      "jsonwebtoken": "^8.5.1",
      "mongojs": "^3.1.0",
      "mongoose": "^5.9.13",
      "passport": "^0.4.1",
  <<<<<<< HEAD
      "passport-http": "*",
      "passport-local": "^1.0.0",
      "react": "^16.13.1",
      "react-router-dom": "^5.2.0"
  =======
      "passport-jwt": "^4.0.0",
      "validator": "^13.0.0"
  >>>>>>> 117391f6c775196bf885d63a8a41f7f371276c19
    }
  }

yarn manifest: 
  No manifest

Lockfile: 
  No lockfile
